
Showing logs for build [32mcb-kubecd-environment-pr-187-14-zt8wp-1[0m stage [32mfrom-build-pack[0m and container [32mstep-credential-initializer-tqrvp[0m
{"level":"warn","ts":1585020833.4646983,"logger":"fallback-logger","caller":"logging/config.go:69","msg":"Fetch GitHub commit ID from kodata failed: \"ref: refs/heads/0.8.0-**-support-backwards-incompats\" is not a valid GitHub commit ID"}
{"level":"info","ts":1585020833.4654226,"logger":"fallback-logger","caller":"creds-init/main.go:40","msg":"Credentials initialized."}

Showing logs for build [32mcb-kubecd-environment-pr-187-14-zt8wp-1[0m stage [32mfrom-build-pack[0m and container [32mstep-working-dir-initializer-22q4z[0m
{"level":"warn","ts":1585020834.572625,"logger":"fallback-logger","caller":"logging/config.go:69","msg":"Fetch GitHub commit ID from kodata failed: open /var/run/ko/HEAD: no such file or directory"}
{"level":"info","ts":1585020834.5741293,"logger":"fallback-logger","caller":"bash/main.go:64","msg":"Successfully executed command \"sh -c mkdir -p /workspace/source\"; output "}

Showing logs for build [32mcb-kubecd-environment-pr-187-14-zt8wp-1[0m stage [32mfrom-build-pack[0m and container [32mstep-place-tools[0m

Showing logs for build [32mcb-kubecd-environment-pr-187-14-zt8wp-1[0m stage [32mfrom-build-pack[0m and container [32mstep-git-source-cb-kubecd-environment-pr-187-14-zt8wp-k2knx[0m
{"level":"warn","ts":1585020839.6646054,"logger":"fallback-logger","caller":"logging/config.go:69","msg":"Fetch GitHub commit ID from kodata failed: \"ref: refs/heads/0.8.0-**-support-backwards-incompats\" is not a valid GitHub commit ID"}
{"level":"info","ts":1585020840.7369545,"logger":"fallback-logger","caller":"git/git.go:103","msg":"Successfully cloned https://github.com/cb-kubecd/environment-pr-187-145-boot-gke-staging.git @ master in path /workspace/source"}

Showing logs for build [32mcb-kubecd-environment-pr-187-14-zt8wp-1[0m stage [32mfrom-build-pack[0m and container [32mstep-git-merge[0m
Using SHAs from PULL_REFS=master:d0761ec325e540c46d86366f075d17e2d6aa5c60,6:ff9d7d9f6dd9b69dc29178f833e6b1b304cf81a1
DEBUG: JX_LOG_LEVEL=error LC_ALL=C git fetch origin --unshallow ff9d7d9f6dd9b69dc29178f833e6b1b304cf81a1: d0761ec325e540c46d86366f075d17e2d6aa5c60:
DEBUG: ran git fetch --unshallow origin ff9d7d9f6dd9b69dc29178f833e6b1b304cf81a1: d0761ec325e540c46d86366f075d17e2d6aa5c60: in 
DEBUG: LC_ALL=C JX_LOG_LEVEL=error git branch
DEBUG: LC_ALL=C JX_LOG_LEVEL=error git checkout master
DEBUG: ran git checkout master in 
DEBUG: LC_ALL=C JX_LOG_LEVEL=error git reset --hard d0761ec325e540c46d86366f075d17e2d6aa5c60
DEBUG: ran git reset --hard d0761ec325e540c46d86366f075d17e2d6aa5c60 in 
DEBUG: LC_ALL=C JX_LOG_LEVEL=error git clean -fd .
DEBUG: ran clean --force -d . in 
DEBUG: LC_ALL=C JX_LOG_LEVEL=error git merge ff9d7d9f6dd9b69dc29178f833e6b1b304cf81a1
DEBUG: ran git merge ff9d7d9f6dd9b69dc29178f833e6b1b304cf81a1 in 
DEBUG: LC_ALL=C JX_LOG_LEVEL=error git log --format=%H%x1f%an%x1f%ae%x1f%cn%x1f%ce%x1f%s%n%b%x1e d0761ec325e540c46d86366f075d17e2d6aa5c60..HEAD
Merged SHA ff9d7d9f6dd9b69dc29178f833e6b1b304cf81a1 with commit message 'chore: Promote bdd-sbrp-import-1585020033 to version 0.0.1' into base branch master

Showing logs for build [32mcb-kubecd-environment-pr-187-14-zt8wp-1[0m stage [32mfrom-build-pack[0m and container [32mstep-build-helm-build[0m
WARNING: No $CHART_REPOSITORY defined so using the default value of: http://jenkins-x-chartmuseum:8080
Adding missing Helm repo: storage.googleapis.com https://storage.googleapis.com/chartmuseum.jenkins-x.io
WARNING: No secrets found on "helm/repos" due: reading the secret "helm/repos" from vault: no secret "helm/repos" not found in vault
Read credentials for https://storage.googleapis.com/chartmuseum.jenkins-x.io from vault helm/repos
Successfully added Helm repository storage.googleapis.com.
Adding missing Helm repo: jenkins-x-chartmuseum http://jenkins-x-chartmuseum:8080
WARNING: No secrets found on "helm/repos" due: reading the secret "helm/repos" from vault: no secret "helm/repos" not found in vault
Read credentials for http://jenkins-x-chartmuseum:8080 from vault helm/repos
Successfully added Helm repository jenkins-x-chartmuseum.
WARNING: No $CHART_REPOSITORY defined so using the default value of: http://jenkins-x-chartmuseum:8080
Adding missing Helm repo: chartmuseum.jenkins-x.io http://chartmuseum.jenkins-x.io
WARNING: No secrets found on "helm/repos" due: reading the secret "helm/repos" from vault: no secret "helm/repos" not found in vault
Read credentials for http://chartmuseum.jenkins-x.io from vault helm/repos
Successfully added Helm repository chartmuseum.jenkins-x.io.
