
Showing logs for build [32mcb-kubecd-environment-pr-187-14-skfqp-1[0m stage [32mfrom-build-pack[0m and container [32mstep-credential-initializer-8f8zx[0m
{"level":"warn","ts":1585020426.162841,"logger":"fallback-logger","caller":"logging/config.go:69","msg":"Fetch GitHub commit ID from kodata failed: \"ref: refs/heads/0.8.0-**-support-backwards-incompats\" is not a valid GitHub commit ID"}
{"level":"info","ts":1585020426.163775,"logger":"fallback-logger","caller":"creds-init/main.go:40","msg":"Credentials initialized."}

Showing logs for build [32mcb-kubecd-environment-pr-187-14-skfqp-1[0m stage [32mfrom-build-pack[0m and container [32mstep-working-dir-initializer-7tvbl[0m
{"level":"warn","ts":1585020427.1911473,"logger":"fallback-logger","caller":"logging/config.go:69","msg":"Fetch GitHub commit ID from kodata failed: open /var/run/ko/HEAD: no such file or directory"}
{"level":"info","ts":1585020427.196305,"logger":"fallback-logger","caller":"bash/main.go:64","msg":"Successfully executed command \"sh -c mkdir -p /workspace/source\"; output "}

Showing logs for build [32mcb-kubecd-environment-pr-187-14-skfqp-1[0m stage [32mfrom-build-pack[0m and container [32mstep-place-tools[0m

Showing logs for build [32mcb-kubecd-environment-pr-187-14-skfqp-1[0m stage [32mfrom-build-pack[0m and container [32mstep-git-source-cb-kubecd-environment-pr-187-14-skfqp-2sx29[0m
{"level":"warn","ts":1585020431.5464227,"logger":"fallback-logger","caller":"logging/config.go:69","msg":"Fetch GitHub commit ID from kodata failed: \"ref: refs/heads/0.8.0-**-support-backwards-incompats\" is not a valid GitHub commit ID"}
{"level":"info","ts":1585020432.5745964,"logger":"fallback-logger","caller":"git/git.go:103","msg":"Successfully cloned https://github.com/cb-kubecd/environment-pr-187-145-boot-gke-staging.git @ master in path /workspace/source"}

Showing logs for build [32mcb-kubecd-environment-pr-187-14-skfqp-1[0m stage [32mfrom-build-pack[0m and container [32mstep-git-merge[0m
Using SHAs from PULL_REFS=master:0326c2388f42510ea3eb93741a79d7fdde59e69b,5:d663fec7139af8b0024c8dc9097f4b37bc77d969
DEBUG: LC_ALL=C JX_LOG_LEVEL=error git fetch origin --unshallow d663fec7139af8b0024c8dc9097f4b37bc77d969: 0326c2388f42510ea3eb93741a79d7fdde59e69b:
DEBUG: ran git fetch --unshallow origin d663fec7139af8b0024c8dc9097f4b37bc77d969: 0326c2388f42510ea3eb93741a79d7fdde59e69b: in 
DEBUG: LC_ALL=C JX_LOG_LEVEL=error git branch
DEBUG: LC_ALL=C JX_LOG_LEVEL=error git checkout master
DEBUG: ran git checkout master in 
DEBUG: LC_ALL=C JX_LOG_LEVEL=error git reset --hard 0326c2388f42510ea3eb93741a79d7fdde59e69b
DEBUG: ran git reset --hard 0326c2388f42510ea3eb93741a79d7fdde59e69b in 
DEBUG: LC_ALL=C JX_LOG_LEVEL=error git clean -fd .
DEBUG: ran clean --force -d . in 
DEBUG: LC_ALL=C JX_LOG_LEVEL=error git merge d663fec7139af8b0024c8dc9097f4b37bc77d969
DEBUG: ran git merge d663fec7139af8b0024c8dc9097f4b37bc77d969 in 
DEBUG: LC_ALL=C JX_LOG_LEVEL=error git log --format=%H%x1f%an%x1f%ae%x1f%cn%x1f%ce%x1f%s%n%b%x1e 0326c2388f42510ea3eb93741a79d7fdde59e69b..HEAD
Merged SHA d663fec7139af8b0024c8dc9097f4b37bc77d969 with commit message 'chore: Promote bdd-sbhg-import-1585020033 to version 0.0.1' into base branch master

Showing logs for build [32mcb-kubecd-environment-pr-187-14-skfqp-1[0m stage [32mfrom-build-pack[0m and container [32mstep-build-helm-build[0m
WARNING: No $CHART_REPOSITORY defined so using the default value of: http://jenkins-x-chartmuseum:8080
Adding missing Helm repo: storage.googleapis.com https://storage.googleapis.com/chartmuseum.jenkins-x.io
WARNING: No secrets found on "helm/repos" due: reading the secret "helm/repos" from vault: no secret "helm/repos" not found in vault
Read credentials for https://storage.googleapis.com/chartmuseum.jenkins-x.io from vault helm/repos
Successfully added Helm repository storage.googleapis.com.
Adding missing Helm repo: jenkins-x-chartmuseum http://jenkins-x-chartmuseum:8080
WARNING: No secrets found on "helm/repos" due: reading the secret "helm/repos" from vault: no secret "helm/repos" not found in vault
Read credentials for http://jenkins-x-chartmuseum:8080 from vault helm/repos
Successfully added Helm repository jenkins-x-chartmuseum.
WARNING: No $CHART_REPOSITORY defined so using the default value of: http://jenkins-x-chartmuseum:8080
Adding missing Helm repo: chartmuseum.jenkins-x.io http://chartmuseum.jenkins-x.io
WARNING: No secrets found on "helm/repos" due: reading the secret "helm/repos" from vault: no secret "helm/repos" not found in vault
Read credentials for http://chartmuseum.jenkins-x.io from vault helm/repos
Successfully added Helm repository chartmuseum.jenkins-x.io.
